<?xml version="1.0" encoding="utf-8"?><testsuites><testsuite name="pytest" errors="0" failures="0" skipped="0" tests="4" time="12.316" timestamp="2026-04-16T14:03:36.176956" hostname="li"><testcase classname="hw1_pkg.test.test_hw2_publisher" name="test_publisher_creation" time="0.103" /><testcase classname="hw1_pkg.test.test_hw2_publisher" name="test_publisher_work" time="6.023" /><testcase classname="hw1_pkg.test.test_hw2_subscriber" name="test_subscriber_creation" time="0.023" /><testcase classname="hw1_pkg.test.test_hw2_subscriber" name="test_subscriber_work" time="6.036" /></testsuite></testsuites>