<?xml version="1.0" encoding="utf-8"?><testsuites><testsuite name="pytest" errors="0" failures="0" skipped="1" tests="9" time="0.400" timestamp="2026-04-16T13:48:23.215904" hostname="li"><testcase classname="number_converter_py.test.test_copyright" name="test_copyright" time="0.000"><skipped type="pytest.skip" message="No copyright header has been placed in the generated source file.">/home/li/ros2_hw2/src/number_converter_py/test/test_copyright.py:20: No copyright header has been placed in the generated source file.</skipped></testcase><testcase classname="number_converter_py.test.test_flake8" name="test_flake8" time="0.083" /><testcase classname="number_converter_py.test.test_hw3_client" name="test_client_creation" time="0.079" /><testcase classname="number_converter_py.test.test_hw3_client" name="test_client_valid_request" time="0.025" /><testcase classname="number_converter_py.test.test_hw3_client" name="test_client_invalid_request" time="0.010" /><testcase classname="number_converter_py.test.test_hw3_server" name="test_server_creation" time="0.008" /><testcase classname="number_converter_py.test.test_hw3_server" name="test_server_valid_request" time="0.014" /><testcase classname="number_converter_py.test.test_hw3_server" name="test_server_invalid_request" time="0.013" /><testcase classname="number_converter_py.test.test_pep257" name="test_pep257" time="0.019" /></testsuite></testsuites>